Determining if the pthread_create exist failed with the following output:
Change Dir: /newHome/iviti/velodyne_plugin/build/CMakeFiles/CMakeTmp

Run Build Command:"/usr/bin/make" "cmTC_7af82/fast"
/usr/bin/make -f CMakeFiles/cmTC_7af82.dir/build.make CMakeFiles/cmTC_7af82.dir/build
make[1]: Entering directory '/newHome/iviti/velodyne_plugin/build/CMakeFiles/CMakeTmp'
Building C object CMakeFiles/cmTC_7af82.dir/CheckSymbolExists.c.o
/usr/bin/cc    -o CMakeFiles/cmTC_7af82.dir/CheckSymbolExists.c.o   -c /newHome/iviti/velodyne_plugin/build/CMakeFiles/CMakeTmp/CheckSymbolExists.c
Linking C executable cmTC_7af82
/usr/bin/cmake -E cmake_link_script CMakeFiles/cmTC_7af82.dir/link.txt --verbose=1
/usr/bin/cc      -rdynamic CMakeFiles/cmTC_7af82.dir/CheckSymbolExists.c.o  -o cmTC_7af82 
CMakeFiles/cmTC_7af82.dir/CheckSymbolExists.c.o: In function `main':
CheckSymbolExists.c:(.text+0x1b): undefined reference to `pthread_create'
collect2: error: ld returned 1 exit status
CMakeFiles/cmTC_7af82.dir/build.make:97: recipe for target 'cmTC_7af82' failed
make[1]: *** [cmTC_7af82] Error 1
make[1]: Leaving directory '/newHome/iviti/velodyne_plugin/build/CMakeFiles/CMakeTmp'
Makefile:126: recipe for target 'cmTC_7af82/fast' failed
make: *** [cmTC_7af82/fast] Error 2

File /newHome/iviti/velodyne_plugin/build/CMakeFiles/CMakeTmp/CheckSymbolExists.c:
/* */
#include <pthread.h>

int main(int argc, char** argv)
{
  (void)argv;
#ifndef pthread_create
  return ((int*)(&pthread_create))[argc];
#else
  (void)argc;
  return 0;
#endif
}

Determining if the function pthread_create exists in the pthreads failed with the following output:
Change Dir: /newHome/iviti/velodyne_plugin/build/CMakeFiles/CMakeTmp

Run Build Command:"/usr/bin/make" "cmTC_fe0fa/fast"
/usr/bin/make -f CMakeFiles/cmTC_fe0fa.dir/build.make CMakeFiles/cmTC_fe0fa.dir/build
make[1]: Entering directory '/newHome/iviti/velodyne_plugin/build/CMakeFiles/CMakeTmp'
Building C object CMakeFiles/cmTC_fe0fa.dir/CheckFunctionExists.c.o
/usr/bin/cc   -DCHECK_FUNCTION_EXISTS=pthread_create   -o CMakeFiles/cmTC_fe0fa.dir/CheckFunctionExists.c.o   -c /usr/share/cmake-3.10/Modules/CheckFunctionExists.c
Linking C executable cmTC_fe0fa
/usr/bin/cmake -E cmake_link_script CMakeFiles/cmTC_fe0fa.dir/link.txt --verbose=1
/usr/bin/cc  -DCHECK_FUNCTION_EXISTS=pthread_create    -rdynamic CMakeFiles/cmTC_fe0fa.dir/CheckFunctionExists.c.o  -o cmTC_fe0fa -lpthreads 
/usr/bin/ld: cannot find -lpthreads
collect2: error: ld returned 1 exit status
CMakeFiles/cmTC_fe0fa.dir/build.make:97: recipe for target 'cmTC_fe0fa' failed
make[1]: *** [cmTC_fe0fa] Error 1
make[1]: Leaving directory '/newHome/iviti/velodyne_plugin/build/CMakeFiles/CMakeTmp'
Makefile:126: recipe for target 'cmTC_fe0fa/fast' failed
make: *** [cmTC_fe0fa/fast] Error 2


Determining if the pthread_create exist failed with the following output:
Change Dir: /newHome/iviti/gazebo-simulator/build/CMakeFiles/CMakeTmp

Run Build Command:"/usr/bin/make" "cmTC_2004e/fast"
/usr/bin/make -f CMakeFiles/cmTC_2004e.dir/build.make CMakeFiles/cmTC_2004e.dir/build
make[1]: Entering directory '/newHome/iviti/gazebo-simulator/build/CMakeFiles/CMakeTmp'
Building C object CMakeFiles/cmTC_2004e.dir/CheckSymbolExists.c.o
/usr/bin/cc    -o CMakeFiles/cmTC_2004e.dir/CheckSymbolExists.c.o   -c /newHome/iviti/gazebo-simulator/build/CMakeFiles/CMakeTmp/CheckSymbolExists.c
Linking C executable cmTC_2004e
/usr/bin/cmake -E cmake_link_script CMakeFiles/cmTC_2004e.dir/link.txt --verbose=1
/usr/bin/cc      -rdynamic CMakeFiles/cmTC_2004e.dir/CheckSymbolExists.c.o  -o cmTC_2004e 
CMakeFiles/cmTC_2004e.dir/CheckSymbolExists.c.o: In function `main':
CheckSymbolExists.c:(.text+0x1b): undefined reference to `pthread_create'
collect2: error: ld returned 1 exit status
CMakeFiles/cmTC_2004e.dir/build.make:97: recipe for target 'cmTC_2004e' failed
make[1]: *** [cmTC_2004e] Error 1
make[1]: Leaving directory '/newHome/iviti/gazebo-simulator/build/CMakeFiles/CMakeTmp'
Makefile:126: recipe for target 'cmTC_2004e/fast' failed
make: *** [cmTC_2004e/fast] Error 2

File /newHome/iviti/gazebo-simulator/build/CMakeFiles/CMakeTmp/CheckSymbolExists.c:
/* */
#include <pthread.h>

int main(int argc, char** argv)
{
  (void)argv;
#ifndef pthread_create
  return ((int*)(&pthread_create))[argc];
#else
  (void)argc;
  return 0;
#endif
}

Determining if the function pthread_create exists in the pthreads failed with the following output:
Change Dir: /newHome/iviti/gazebo-simulator/build/CMakeFiles/CMakeTmp

Run Build Command:"/usr/bin/make" "cmTC_95aa2/fast"
/usr/bin/make -f CMakeFiles/cmTC_95aa2.dir/build.make CMakeFiles/cmTC_95aa2.dir/build
make[1]: Entering directory '/newHome/iviti/gazebo-simulator/build/CMakeFiles/CMakeTmp'
Building C object CMakeFiles/cmTC_95aa2.dir/CheckFunctionExists.c.o
/usr/bin/cc   -DCHECK_FUNCTION_EXISTS=pthread_create   -o CMakeFiles/cmTC_95aa2.dir/CheckFunctionExists.c.o   -c /usr/share/cmake-3.10/Modules/CheckFunctionExists.c
Linking C executable cmTC_95aa2
/usr/bin/cmake -E cmake_link_script CMakeFiles/cmTC_95aa2.dir/link.txt --verbose=1
/usr/bin/cc  -DCHECK_FUNCTION_EXISTS=pthread_create    -rdynamic CMakeFiles/cmTC_95aa2.dir/CheckFunctionExists.c.o  -o cmTC_95aa2 -lpthreads 
/usr/bin/ld: cannot find -lpthreads
collect2: error: ld returned 1 exit status
CMakeFiles/cmTC_95aa2.dir/build.make:97: recipe for target 'cmTC_95aa2' failed
make[1]: *** [cmTC_95aa2] Error 1
make[1]: Leaving directory '/newHome/iviti/gazebo-simulator/build/CMakeFiles/CMakeTmp'
Makefile:126: recipe for target 'cmTC_95aa2/fast' failed
make: *** [cmTC_95aa2/fast] Error 2


Performing C SOURCE FILE Test CMAKE_HAVE_LIBC_PTHREAD failed with the following output:
Change Dir: /newHome/iviti/electronic-differential/gazebo-simulator/build/CMakeFiles/CMakeTmp

Run Build Command(s):/usr/bin/make cmTC_9f879/fast && /usr/bin/make -f CMakeFiles/cmTC_9f879.dir/build.make CMakeFiles/cmTC_9f879.dir/build
make[1]: Entering directory '/newHome/iviti/electronic-differential/gazebo-simulator/build/CMakeFiles/CMakeTmp'
Building C object CMakeFiles/cmTC_9f879.dir/src.c.o
/usr/bin/cc   -DCMAKE_HAVE_LIBC_PTHREAD   -o CMakeFiles/cmTC_9f879.dir/src.c.o   -c /newHome/iviti/electronic-differential/gazebo-simulator/build/CMakeFiles/CMakeTmp/src.c
Linking C executable cmTC_9f879
/usr/bin/cmake -E cmake_link_script CMakeFiles/cmTC_9f879.dir/link.txt --verbose=1
/usr/bin/cc  -DCMAKE_HAVE_LIBC_PTHREAD    -rdynamic CMakeFiles/cmTC_9f879.dir/src.c.o  -o cmTC_9f879 
/usr/bin/ld: CMakeFiles/cmTC_9f879.dir/src.c.o: in function `main':
src.c:(.text+0x46): undefined reference to `pthread_create'
/usr/bin/ld: src.c:(.text+0x52): undefined reference to `pthread_detach'
/usr/bin/ld: src.c:(.text+0x63): undefined reference to `pthread_join'
collect2: error: ld returned 1 exit status
make[1]: *** [CMakeFiles/cmTC_9f879.dir/build.make:87: cmTC_9f879] Error 1
make[1]: Leaving directory '/newHome/iviti/electronic-differential/gazebo-simulator/build/CMakeFiles/CMakeTmp'
make: *** [Makefile:121: cmTC_9f879/fast] Error 2


Source file was:
#include <pthread.h>

void* test_func(void* data)
{
  return data;
}

int main(void)
{
  pthread_t thread;
  pthread_create(&thread, NULL, test_func, NULL);
  pthread_detach(thread);
  pthread_join(thread, NULL);
  pthread_atfork(NULL, NULL, NULL);
  pthread_exit(NULL);

  return 0;
}

Determining if the function pthread_create exists in the pthreads failed with the following output:
Change Dir: /newHome/iviti/electronic-differential/gazebo-simulator/build/CMakeFiles/CMakeTmp

Run Build Command(s):/usr/bin/make cmTC_87a2b/fast && /usr/bin/make -f CMakeFiles/cmTC_87a2b.dir/build.make CMakeFiles/cmTC_87a2b.dir/build
make[1]: Entering directory '/newHome/iviti/electronic-differential/gazebo-simulator/build/CMakeFiles/CMakeTmp'
Building C object CMakeFiles/cmTC_87a2b.dir/CheckFunctionExists.c.o
/usr/bin/cc   -DCHECK_FUNCTION_EXISTS=pthread_create   -o CMakeFiles/cmTC_87a2b.dir/CheckFunctionExists.c.o   -c /usr/share/cmake-3.16/Modules/CheckFunctionExists.c
Linking C executable cmTC_87a2b
/usr/bin/cmake -E cmake_link_script CMakeFiles/cmTC_87a2b.dir/link.txt --verbose=1
/usr/bin/cc  -DCHECK_FUNCTION_EXISTS=pthread_create    -rdynamic CMakeFiles/cmTC_87a2b.dir/CheckFunctionExists.c.o  -o cmTC_87a2b  -lpthreads 
/usr/bin/ld: cannot find -lpthreads
collect2: error: ld returned 1 exit status
make[1]: *** [CMakeFiles/cmTC_87a2b.dir/build.make:87: cmTC_87a2b] Error 1
make[1]: Leaving directory '/newHome/iviti/electronic-differential/gazebo-simulator/build/CMakeFiles/CMakeTmp'
make: *** [Makefile:121: cmTC_87a2b/fast] Error 2



